<?xml version="1.0" encoding="UTF-8"?>
<testsuite xmlns:xsi="http://www.w3.org/2001/XMLSchema-instance" xsi:noNamespaceSchemaLocation="https://maven.apache.org/surefire/maven-surefire-plugin/xsd/surefire-test-report-3.0.xsd" version="3.0" name="runners.RunnerTest" time="0.668" tests="43" errors="0" skipped="0" failures="0">
  <properties>
[...]
</properties>
  <testcase name="Dado um filme" classname="Cenário: Deve alugar um filme com sucesso" time="0.003">
    <system-out><![CDATA[# language: pt
@esse
Funcionalidade: Alugar Filme
  Como um usuário
  Eu quero cadastrar alugueis de filmes
  Para controlar preços e datas de entrega
]]></system-out>
  </testcase>
  <testcase name="Quando alugar" classname="Cenário: Deve alugar um filme com sucesso" time="0.0"/>
  <testcase name="Então o preço do aluguel será R 3" classname="Cenário: Deve alugar um filme com sucesso" time="0.001"/>
  <testcase name="E a data de entrega será em 1 dia" classname="Cenário: Deve alugar um filme com sucesso" time="0.0"/>
  <testcase name="E o estoque do filme será 1 unidade" classname="Cenário: Deve alugar um filme com sucesso" time="0.0"/>
  <testcase name="" classname="Cenário: Deve alugar um filme com sucesso" time="0.001"/>
  <testcase name="Dado um filme com estoque de 0 unidades" classname="Cenário: Não deve alugar filme sem estoque" time="0.0">
    <system-out><![CDATA[
  Cenário: Deve alugar um filme com sucesso &amp#27;[90m# src/test/resources/features/alugarFilme.feature:9&amp#27;[0m
    &amp#27;[32mDado &amp#27;[0m&amp#27;[32mum filme&amp#27;[0m                           &amp#27;[90m# AluguarFilmeSteps.umFilme(DataTable)&amp#27;[0m
    &amp#27;[32mQuando &amp#27;[0m&amp#27;[32malugar&amp#27;[0m                           &amp#27;[90m# AluguarFilmeSteps.alugar()&amp#27;[0m
    &amp#27;[32mEntão &amp#27;[0m&amp#27;[32mo preço do aluguel será R &amp#27;[0m&amp#27;[32m&amp#27;[1m3&amp#27;[0m       &amp#27;[90m# AluguarFilmeSteps.oPreçoDoAluguelSeráR(int)&amp#27;[0m
    &amp#27;[32mE &amp#27;[0m&amp#27;[32ma data de entrega será em &amp#27;[0m&amp#27;[32m&amp#27;[1m1&amp#27;[0m&amp#27;[32m dia&amp#27;[0m       &amp#27;[90m# AluguarFilmeSteps.aDataDeEntregaSeráEmDias(int)&amp#27;[0m
    &amp#27;[32mE &amp#27;[0m&amp#27;[32mo estoque do filme será &amp#27;[0m&amp#27;[32m&amp#27;[1m1&amp#27;[0m&amp#27;[32m unidade&amp#27;[0m     &amp#27;[90m# AluguarFilmeSteps.oEstoqueDoFilmeSeráUnidade(int)&amp#27;[0m
]]></system-out>
  </testcase>
  <testcase name="Quando alugar" classname="Cenário: Não deve alugar filme sem estoque" time="0.0"/>
  <testcase name="Então não será possível por falta de estoque" classname="Cenário: Não deve alugar filme sem estoque" time="0.0"/>
  <testcase name="E o estoque do filme será 0 unidade" classname="Cenário: Não deve alugar filme sem estoque" time="0.0"/>
  <testcase name="" classname="Cenário: Não deve alugar filme sem estoque" time="0.001"/>
  <testcase name="Dado um filme com estoque de 2 unidades" classname="| 4 | extendido | 8 | 3 | 2 |" time="0.0">
    <system-out><![CDATA[
  Cenário: Não deve alugar filme sem estoque     &amp#27;[90m# src/test/resources/features/alugarFilme.feature:19&amp#27;[0m
    &amp#27;[32mDado &amp#27;[0m&amp#27;[32mum filme com estoque de &amp#27;[0m&amp#27;[32m&amp#27;[1m0&amp#27;[0m&amp#27;[32m unidades&amp#27;[0m      &amp#27;[90m# AluguarFilmeSteps.umFilmeComEstoqueDeUnidades(int)&amp#27;[0m
    &amp#27;[32mQuando &amp#27;[0m&amp#27;[32malugar&amp#27;[0m                                &amp#27;[90m# AluguarFilmeSteps.alugar()&amp#27;[0m
    &amp#27;[32mEntão &amp#27;[0m&amp#27;[32mnão será possível por falta de estoque&amp#27;[0m &amp#27;[90m# AluguarFilmeSteps.nãoSeráPossívelPorFaltaDeEstoque()&amp#27;[0m
    &amp#27;[32mE &amp#27;[0m&amp#27;[32mo estoque do filme será &amp#27;[0m&amp#27;[32m&amp#27;[1m0&amp#27;[0m&amp#27;[32m unidade&amp#27;[0m          &amp#27;[90m# AluguarFilmeSteps.oEstoqueDoFilmeSeráUnidade(int)&amp#27;[0m

  Esquema do Cenário: Deve dar condições conforme tipo de aluguel &amp#27;[90m# src/test/resources/features/alugarFilme.feature:26&amp#27;[0m
    &amp#27;[36mDado &amp#27;[0m&amp#27;[36mum filme com estoque de 2 unidades&amp#27;[0m
    &amp#27;[36mE &amp#27;[0m&amp#27;[36mque o preço do aluguel seja R$ <preco>&amp#27;[0m
    &amp#27;[36mE &amp#27;[0m&amp#27;[36mque o tipo do aluguel seja <tipo>&amp#27;[0m
    &amp#27;[36mQuando &amp#27;[0m&amp#27;[36malugar&amp#27;[0m
    &amp#27;[36mEntão &amp#27;[0m&amp#27;[36mo preço do aluguel será R$ <valor>&amp#27;[0m
    &amp#27;[36mE &amp#27;[0m&amp#27;[36ma data de entrega será em <qtdDias> dias&amp#27;[0m
    &amp#27;[36mE &amp#27;[0m&amp#27;[36ma pontuação será de <pontuacao> pontos&amp#27;[0m

    Exemplos: 
]]></system-out>
  </testcase>
  <testcase name="E que o preço do aluguel seja R$ 4" classname="| 4 | extendido | 8 | 3 | 2 |" time="0.0"/>
  <testcase name="E que o tipo do aluguel seja extendido" classname="| 4 | extendido | 8 | 3 | 2 |" time="0.0"/>
  <testcase name="Quando alugar" classname="| 4 | extendido | 8 | 3 | 2 |" time="0.0"/>
  <testcase name="Então o preço do aluguel será R$ 8" classname="| 4 | extendido | 8 | 3 | 2 |" time="0.0"/>
  <testcase name="E a data de entrega será em 3 dias" classname="| 4 | extendido | 8 | 3 | 2 |" time="0.001"/>
  <testcase name="E a pontuação será de 2 pontos" classname="| 4 | extendido | 8 | 3 | 2 |" time="0.0"/>
  <testcase name="" classname="| 4 | extendido | 8 | 3 | 2 |" time="0.0"/>
  <testcase name="Dado um filme com estoque de 2 unidades" classname="| 4 | comum | 4 | 1 | 1 |" time="0.0">
    <system-out><![CDATA[
  @esse
  Esquema do Cenário: Deve dar condições conforme tipo de aluguel &amp#27;[90m# src/test/resources/features/alugarFilme.feature:37&amp#27;[0m
    &amp#27;[32mDado &amp#27;[0m&amp#27;[32mum filme com estoque de &amp#27;[0m&amp#27;[32m&amp#27;[1m2&amp#27;[0m&amp#27;[32m unidades&amp#27;[0m                       &amp#27;[90m# AluguarFilmeSteps.umFilmeComEstoqueDeUnidades(int)&amp#27;[0m
    &amp#27;[32mE &amp#27;[0m&amp#27;[32mque o preço do aluguel seja R$ &amp#27;[0m&amp#27;[32m&amp#27;[1m4&amp#27;[0m                            &amp#27;[90m# AluguarFilmeSteps.queOPreçoDoAluguelSejaR$(int)&amp#27;[0m
    &amp#27;[32mE &amp#27;[0m&amp#27;[32mque o tipo do aluguel seja &amp#27;[0m&amp#27;[32m&amp#27;[1mextendido&amp#27;[0m                        &amp#27;[90m# AluguarFilmeSteps.queOTipoDoAluguelSejaExtendido(String)&amp#27;[0m
    &amp#27;[32mQuando &amp#27;[0m&amp#27;[32malugar&amp#27;[0m                                                 &amp#27;[90m# AluguarFilmeSteps.alugar()&amp#27;[0m
    &amp#27;[32mEntão &amp#27;[0m&amp#27;[32mo preço do aluguel será R$ &amp#27;[0m&amp#27;[32m&amp#27;[1m8&amp#27;[0m                            &amp#27;[90m# AluguarFilmeSteps.oPreçoDoAluguelSeráR$(int)&amp#27;[0m
    &amp#27;[32mE &amp#27;[0m&amp#27;[32ma data de entrega será em &amp#27;[0m&amp#27;[32m&amp#27;[1m3&amp#27;[0m&amp#27;[32m dias&amp#27;[0m                            &amp#27;[90m# AluguarFilmeSteps.aDataDeEntregaSeráEmDias(int)&amp#27;[0m
    &amp#27;[32mE &amp#27;[0m&amp#27;[32ma pontuação será de &amp#27;[0m&amp#27;[32m&amp#27;[1m2&amp#27;[0m&amp#27;[32m pontos&amp#27;[0m                                &amp#27;[90m# AluguarFilmeSteps.aPontuaçãoSeráDePontos(int)&amp#27;[0m
]]></system-out>
  </testcase>
  <testcase name="E que o preço do aluguel seja R$ 4" classname="| 4 | comum | 4 | 1 | 1 |" time="0.0"/>
  <testcase name="E que o tipo do aluguel seja comum" classname="| 4 | comum | 4 | 1 | 1 |" time="0.0"/>
  <testcase name="Quando alugar" classname="| 4 | comum | 4 | 1 | 1 |" time="0.0"/>
  <testcase name="Então o preço do aluguel será R$ 4" classname="| 4 | comum | 4 | 1 | 1 |" time="0.0"/>
  <testcase name="E a data de entrega será em 1 dias" classname="| 4 | comum | 4 | 1 | 1 |" time="0.0"/>
  <testcase name="E a pontuação será de 1 pontos" classname="| 4 | comum | 4 | 1 | 1 |" time="0.0"/>
  <testcase name="" classname="| 4 | comum | 4 | 1 | 1 |" time="0.0"/>
  <testcase name="Dado um filme com estoque de 2 unidades" classname="| 10 | extendido | 20 | 3 | 2 |" time="0.0">
    <system-out><![CDATA[
  @esse
  Esquema do Cenário: Deve dar condições conforme tipo de aluguel &amp#27;[90m# src/test/resources/features/alugarFilme.feature:38&amp#27;[0m
    &amp#27;[32mDado &amp#27;[0m&amp#27;[32mum filme com estoque de &amp#27;[0m&amp#27;[32m&amp#27;[1m2&amp#27;[0m&amp#27;[32m unidades&amp#27;[0m                       &amp#27;[90m# AluguarFilmeSteps.umFilmeComEstoqueDeUnidades(int)&amp#27;[0m
    &amp#27;[32mE &amp#27;[0m&amp#27;[32mque o preço do aluguel seja R$ &amp#27;[0m&amp#27;[32m&amp#27;[1m4&amp#27;[0m                            &amp#27;[90m# AluguarFilmeSteps.queOPreçoDoAluguelSejaR$(int)&amp#27;[0m
    &amp#27;[32mE &amp#27;[0m&amp#27;[32mque o tipo do aluguel seja &amp#27;[0m&amp#27;[32m&amp#27;[1mcomum&amp#27;[0m                            &amp#27;[90m# AluguarFilmeSteps.queOTipoDoAluguelSejaExtendido(String)&amp#27;[0m
    &amp#27;[32mQuando &amp#27;[0m&amp#27;[32malugar&amp#27;[0m                                                 &amp#27;[90m# AluguarFilmeSteps.alugar()&amp#27;[0m
    &amp#27;[32mEntão &amp#27;[0m&amp#27;[32mo preço do aluguel será R$ &amp#27;[0m&amp#27;[32m&amp#27;[1m4&amp#27;[0m                            &amp#27;[90m# AluguarFilmeSteps.oPreçoDoAluguelSeráR$(int)&amp#27;[0m
    &amp#27;[32mE &amp#27;[0m&amp#27;[32ma data de entrega será em &amp#27;[0m&amp#27;[32m&amp#27;[1m1&amp#27;[0m&amp#27;[32m dias&amp#27;[0m                            &amp#27;[90m# AluguarFilmeSteps.aDataDeEntregaSeráEmDias(int)&amp#27;[0m
    &amp#27;[32mE &amp#27;[0m&amp#27;[32ma pontuação será de &amp#27;[0m&amp#27;[32m&amp#27;[1m1&amp#27;[0m&amp#27;[32m pontos&amp#27;[0m                                &amp#27;[90m# AluguarFilmeSteps.aPontuaçãoSeráDePontos(int)&amp#27;[0m
]]></system-out>
  </testcase>
  <testcase name="E que o preço do aluguel seja R$ 10" classname="| 10 | extendido | 20 | 3 | 2 |" time="0.0"/>
  <testcase name="E que o tipo do aluguel seja extendido" classname="| 10 | extendido | 20 | 3 | 2 |" time="0.0"/>
  <testcase name="Quando alugar" classname="| 10 | extendido | 20 | 3 | 2 |" time="0.0"/>
  <testcase name="Então o preço do aluguel será R$ 20" classname="| 10 | extendido | 20 | 3 | 2 |" time="0.0"/>
  <testcase name="E a data de entrega será em 3 dias" classname="| 10 | extendido | 20 | 3 | 2 |" time="0.0"/>
  <testcase name="E a pontuação será de 2 pontos" classname="| 10 | extendido | 20 | 3 | 2 |" time="0.0"/>
  <testcase name="" classname="| 10 | extendido | 20 | 3 | 2 |" time="0.0"/>
  <testcase name="Dado um filme com estoque de 2 unidades" classname="| 5 | semanal | 15 | 7 | 3 |" time="0.0">
    <system-out><![CDATA[
  @esse
  Esquema do Cenário: Deve dar condições conforme tipo de aluguel &amp#27;[90m# src/test/resources/features/alugarFilme.feature:39&amp#27;[0m
    &amp#27;[32mDado &amp#27;[0m&amp#27;[32mum filme com estoque de &amp#27;[0m&amp#27;[32m&amp#27;[1m2&amp#27;[0m&amp#27;[32m unidades&amp#27;[0m                       &amp#27;[90m# AluguarFilmeSteps.umFilmeComEstoqueDeUnidades(int)&amp#27;[0m
    &amp#27;[32mE &amp#27;[0m&amp#27;[32mque o preço do aluguel seja R$ &amp#27;[0m&amp#27;[32m&amp#27;[1m10&amp#27;[0m                           &amp#27;[90m# AluguarFilmeSteps.queOPreçoDoAluguelSejaR$(int)&amp#27;[0m
    &amp#27;[32mE &amp#27;[0m&amp#27;[32mque o tipo do aluguel seja &amp#27;[0m&amp#27;[32m&amp#27;[1mextendido&amp#27;[0m                        &amp#27;[90m# AluguarFilmeSteps.queOTipoDoAluguelSejaExtendido(String)&amp#27;[0m
    &amp#27;[32mQuando &amp#27;[0m&amp#27;[32malugar&amp#27;[0m                                                 &amp#27;[90m# AluguarFilmeSteps.alugar()&amp#27;[0m
    &amp#27;[32mEntão &amp#27;[0m&amp#27;[32mo preço do aluguel será R$ &amp#27;[0m&amp#27;[32m&amp#27;[1m20&amp#27;[0m                           &amp#27;[90m# AluguarFilmeSteps.oPreçoDoAluguelSeráR$(int)&amp#27;[0m
    &amp#27;[32mE &amp#27;[0m&amp#27;[32ma data de entrega será em &amp#27;[0m&amp#27;[32m&amp#27;[1m3&amp#27;[0m&amp#27;[32m dias&amp#27;[0m                            &amp#27;[90m# AluguarFilmeSteps.aDataDeEntregaSeráEmDias(int)&amp#27;[0m
    &amp#27;[32mE &amp#27;[0m&amp#27;[32ma pontuação será de &amp#27;[0m&amp#27;[32m&amp#27;[1m2&amp#27;[0m&amp#27;[32m pontos&amp#27;[0m                                &amp#27;[90m# AluguarFilmeSteps.aPontuaçãoSeráDePontos(int)&amp#27;[0m
]]></system-out>
  </testcase>
  <testcase name="E que o preço do aluguel seja R$ 5" classname="| 5 | semanal | 15 | 7 | 3 |" time="0.0"/>
  <testcase name="E que o tipo do aluguel seja semanal" classname="| 5 | semanal | 15 | 7 | 3 |" time="0.0"/>
  <testcase name="Quando alugar" classname="| 5 | semanal | 15 | 7 | 3 |" time="0.0"/>
  <testcase name="Então o preço do aluguel será R$ 15" classname="| 5 | semanal | 15 | 7 | 3 |" time="0.0"/>
  <testcase name="E a data de entrega será em 7 dias" classname="| 5 | semanal | 15 | 7 | 3 |" time="0.0"/>
  <testcase name="E a pontuação será de 3 pontos" classname="| 5 | semanal | 15 | 7 | 3 |" time="0.0"/>
  <testcase name="" classname="| 5 | semanal | 15 | 7 | 3 |" time="0.001"/>
</testsuite>